<?xml version="1.0" encoding="UTF-8"?>
<!-- Generated by org.testng.reporters.JUnitReportReporter -->
<testsuite hostname="shaurya-PC" failures="0" tests="1" name="php.crm.Vtiger.Project1.campaignTest.CreateCampaignTest" time="29.330" errors="0" timestamp="2022-10-19T12:26:15 IST" skipped="0">
  <testcase classname="php.crm.Vtiger.Project1.campaignTest.CreateCampaignTest" name="createCampaignAndVerifyCampaignNameTest" time="29.330"/>
  <system-out/>
</testsuite> <!-- php.crm.Vtiger.Project1.campaignTest.CreateCampaignTest -->
